Determining if the pthread_create exist failed with the following output:
Change Dir: /home/sundong/bit_ivrc/Radar-Camera-Fusion/Dataset/nuscenes2bag/build_isolated/nuscenes2bag/CMakeFiles/CMakeTmp

Run Build Command:"/home/sundong/anaconda3/bin/ninja" "cmTC_d7f1a"
[1/2] Building C object CMakeFiles/cmTC_d7f1a.dir/CheckSymbolExists.c.o
[2/2] Linking C executable cmTC_d7f1a
FAILED: cmTC_d7f1a 
: && /usr/bin/cc     CMakeFiles/cmTC_d7f1a.dir/CheckSymbolExists.c.o  -o cmTC_d7f1a   && :
CMakeFiles/cmTC_d7f1a.dir/CheckSymbolExists.c.o：在函数‘main’中：
CheckSymbolExists.c:(.text+0x16)：对‘pthread_create’未定义的引用
collect2: error: ld returned 1 exit status
ninja: build stopped: subcommand failed.

File /home/sundong/bit_ivrc/Radar-Camera-Fusion/Dataset/nuscenes2bag/build_isolated/nuscenes2bag/CMakeFiles/CMakeTmp/CheckSymbolExists.c:
/* */
#include <pthread.h>

int main(int argc, char** argv)
{
  (void)argv;
#ifndef pthread_create
  return ((int*)(&pthread_create))[argc];
#else
  (void)argc;
  return 0;
#endif
}

Determining if the function pthread_create exists in the pthreads failed with the following output:
Change Dir: /home/sundong/bit_ivrc/Radar-Camera-Fusion/Dataset/nuscenes2bag/build_isolated/nuscenes2bag/CMakeFiles/CMakeTmp

Run Build Command:"/home/sundong/anaconda3/bin/ninja" "cmTC_c0c5d"
[1/2] Building C object CMakeFiles/cmTC_c0c5d.dir/CheckFunctionExists.c.o
[2/2] Linking C executable cmTC_c0c5d
FAILED: cmTC_c0c5d 
: && /usr/bin/cc  -DCHECK_FUNCTION_EXISTS=pthread_create   CMakeFiles/cmTC_c0c5d.dir/CheckFunctionExists.c.o  -o cmTC_c0c5d  -lpthreads && :
/usr/bin/ld: 找不到 -lpthreads
collect2: error: ld returned 1 exit status
ninja: build stopped: subcommand failed.


